[ 2018-01-16T11:14:31+08:00 ] 127.0.0.1 /tp3.2.3/Public/style/css/font-awesome.min.css
INFO: [ app_init ] --START--
INFO: Run Behavior\BuildLiteBehavior [ RunTime:0.000012s ]
INFO: [ app_init ] --END-- [ RunTime:0.000379s ]
ERR: 无法加载模块:Tp3.2.3

[ 2018-01-16T11:14:31+08:00 ] 127.0.0.1 /tp3.2.3/Public/style/js/jquery-2.1.4.min.js
INFO: [ app_init ] --START--
INFO: Run Behavior\BuildLiteBehavior [ RunTime:0.000014s ]
INFO: [ app_init ] --END-- [ RunTime:0.000468s ]
ERR: 无法加载模块:Tp3.2.3

[ 2018-01-16T11:14:31+08:00 ] 127.0.0.1 /tp3.2.3/Public/style/css/snow.css
INFO: [ app_init ] --START--
INFO: Run Behavior\BuildLiteBehavior [ RunTime:0.000013s ]
INFO: [ app_init ] --END-- [ RunTime:0.000456s ]
ERR: 无法加载模块:Tp3.2.3

[ 2018-01-16T11:14:31+08:00 ] 127.0.0.1 /tp3.2.3/Public/style/css/style.css
INFO: [ app_init ] --START--
INFO: Run Behavior\BuildLiteBehavior [ RunTime:0.000014s ]
INFO: [ app_init ] --END-- [ RunTime:0.000445s ]
ERR: 无法加载模块:Tp3.2.3

[ 2018-01-16T11:14:33+08:00 ] 127.0.0.1 /tp3.2.3/Public/style/css/font-awesome.min.css
INFO: [ app_init ] --START--
INFO: Run Behavior\BuildLiteBehavior [ RunTime:0.000012s ]
INFO: [ app_init ] --END-- [ RunTime:0.000385s ]
ERR: 无法加载模块:Tp3.2.3

[ 2018-01-16T11:14:33+08:00 ] 127.0.0.1 /tp3.2.3/Public/style/css/snow.css
INFO: [ app_init ] --START--
INFO: Run Behavior\BuildLiteBehavior [ RunTime:0.000040s ]
INFO: [ app_init ] --END-- [ RunTime:0.000433s ]
ERR: 无法加载模块:Tp3.2.3

[ 2018-01-16T11:14:33+08:00 ] 127.0.0.1 /tp3.2.3/Public/style/js/jquery-2.1.4.min.js
INFO: [ app_init ] --START--
INFO: Run Behavior\BuildLiteBehavior [ RunTime:0.000014s ]
INFO: [ app_init ] --END-- [ RunTime:0.000436s ]
ERR: 无法加载模块:Tp3.2.3

[ 2018-01-16T11:14:33+08:00 ] 127.0.0.1 /tp3.2.3/Public/style/css/style.css
INFO: [ app_init ] --START--
INFO: Run Behavior\BuildLiteBehavior [ RunTime:0.000013s ]
INFO: [ app_init ] --END-- [ RunTime:0.000493s ]
ERR: 无法加载模块:Tp3.2.3

[ 2018-01-16T11:17:55+08:00 ] 127.0.0.1 /tp3.2.3/Public/style/css/snow.css
INFO: [ app_init ] --START--
INFO: Run Behavior\BuildLiteBehavior [ RunTime:0.000014s ]
INFO: [ app_init ] --END-- [ RunTime:0.000490s ]
ERR: 无法加载模块:Tp3.2.3

[ 2018-01-16T11:17:55+08:00 ] 127.0.0.1 /tp3.2.3/Public/style/css/font-awesome.min.css
INFO: [ app_init ] --START--
INFO: Run Behavior\BuildLiteBehavior [ RunTime:0.000012s ]
INFO: [ app_init ] --END-- [ RunTime:0.000461s ]
ERR: 无法加载模块:Tp3.2.3

[ 2018-01-16T11:17:55+08:00 ] 127.0.0.1 /tp3.2.3/Public/style/css/style.css
INFO: [ app_init ] --START--
INFO: Run Behavior\BuildLiteBehavior [ RunTime:0.000012s ]
INFO: [ app_init ] --END-- [ RunTime:0.000496s ]
ERR: 无法加载模块:Tp3.2.3

[ 2018-01-16T11:19:33+08:00 ] 127.0.0.1 /tp3.2.3/Public/style/css/font-awesome.min.css
INFO: [ app_init ] --START--
INFO: Run Behavior\BuildLiteBehavior [ RunTime:0.000013s ]
INFO: [ app_init ] --END-- [ RunTime:0.000461s ]
ERR: 无法加载模块:Tp3.2.3

[ 2018-01-16T11:19:33+08:00 ] 127.0.0.1 /tp3.2.3/Public/style/css/snow.css
INFO: [ app_init ] --START--
INFO: Run Behavior\BuildLiteBehavior [ RunTime:0.000013s ]
INFO: [ app_init ] --END-- [ RunTime:0.000384s ]
ERR: 无法加载模块:Tp3.2.3

[ 2018-01-16T11:19:33+08:00 ] 127.0.0.1 /tp3.2.3/Public/style/js/jquery-2.1.4.min.js
INFO: [ app_init ] --START--
INFO: Run Behavior\BuildLiteBehavior [ RunTime:0.000014s ]
INFO: [ app_init ] --END-- [ RunTime:0.000397s ]
ERR: 无法加载模块:Tp3.2.3

[ 2018-01-16T11:19:33+08:00 ] 127.0.0.1 /tp3.2.3/Public/style/css/style.css
INFO: [ app_init ] --START--
INFO: Run Behavior\BuildLiteBehavior [ RunTime:0.000015s ]
INFO: [ app_init ] --END-- [ RunTime:0.000441s ]
ERR: 无法加载模块:Tp3.2.3

[ 2018-01-16T11:19:37+08:00 ] 127.0.0.1 /tp3.2.3/Public/style/js/jquery-2.1.4.min.js
INFO: [ app_init ] --START--
INFO: Run Behavior\BuildLiteBehavior [ RunTime:0.000013s ]
INFO: [ app_init ] --END-- [ RunTime:0.000397s ]
ERR: 无法加载模块:Tp3.2.3

[ 2018-01-16T11:19:37+08:00 ] 127.0.0.1 /tp3.2.3/Public/style/css/font-awesome.min.css
INFO: [ app_init ] --START--
INFO: Run Behavior\BuildLiteBehavior [ RunTime:0.000012s ]
INFO: [ app_init ] --END-- [ RunTime:0.000472s ]
ERR: 无法加载模块:Tp3.2.3

[ 2018-01-16T11:19:37+08:00 ] 127.0.0.1 /tp3.2.3/Public/style/css/style.css
INFO: [ app_init ] --START--
INFO: Run Behavior\BuildLiteBehavior [ RunTime:0.000012s ]
INFO: [ app_init ] --END-- [ RunTime:0.000387s ]
ERR: 无法加载模块:Tp3.2.3

[ 2018-01-16T11:19:37+08:00 ] 127.0.0.1 /tp3.2.3/Public/style/css/snow.css
INFO: [ app_init ] --START--
INFO: Run Behavior\BuildLiteBehavior [ RunTime:0.000015s ]
INFO: [ app_init ] --END-- [ RunTime:0.000410s ]
ERR: 无法加载模块:Tp3.2.3

[ 2018-01-16T15:21:58+08:00 ] 127.0.0.1 /tp3.2.3/index.php/Home/index/index
INFO: [ app_init ] --START--
INFO: Run Behavior\BuildLiteBehavior [ RunTime:0.000028s ]
INFO: [ app_init ] --END-- [ RunTime:0.000929s ]
ERR: 无法加载模块:Tp3.2.3

[ 2018-01-16T15:22:43+08:00 ] 127.0.0.1 /tp3.2.3/index.php/Home/index/index
INFO: [ app_init ] --START--
INFO: Run Behavior\BuildLiteBehavior [ RunTime:0.000187s ]
INFO: [ app_init ] --END-- [ RunTime:0.003594s ]
ERR: 无法加载模块:Tp3.2.3

[ 2018-01-16T15:22:58+08:00 ] 127.0.0.1 /tp3.2.3/index.php/Home/index/index
INFO: [ app_init ] --START--
INFO: Run Behavior\BuildLiteBehavior [ RunTime:0.000012s ]
INFO: [ app_init ] --END-- [ RunTime:0.000432s ]
ERR: 无法加载模块:Tp3.2.3

[ 2018-01-16T15:25:11+08:00 ] 127.0.0.1 /tp3.2.3/index.php/Home/Index/welcome
INFO: [ app_init ] --START--
INFO: Run Behavior\BuildLiteBehavior [ RunTime:0.000019s ]
INFO: [ app_init ] --END-- [ RunTime:0.001984s ]
ERR: 无法加载模块:Tp3.2.3

[ 2018-01-16T15:25:59+08:00 ] 127.0.0.1 /tp3.2.3/index.php/Home/Index/welcome
INFO: [ app_init ] --START--
INFO: Run Behavior\BuildLiteBehavior [ RunTime:0.000032s ]
INFO: [ app_init ] --END-- [ RunTime:0.000801s ]
ERR: 无法加载模块:Tp3.2.3

[ 2018-01-16T15:26:20+08:00 ] 127.0.0.1 /tp3.2.3/index.php/Home/Index/welcome
INFO: [ app_init ] --START--
INFO: Run Behavior\BuildLiteBehavior [ RunTime:0.000025s ]
INFO: [ app_init ] --END-- [ RunTime:0.000826s ]
ERR: 无法加载模块:Tp3.2.3

[ 2018-01-16T16:31:56+08:00 ] 127.0.0.1 /favicon.ico
INFO: [ app_init ] --START--
INFO: Run Behavior\BuildLiteBehavior [ RunTime:0.000013s ]
INFO: [ app_init ] --END-- [ RunTime:0.000379s ]
ERR: 无法加载模块:Favicon

[ 2018-01-16T16:56:41+08:00 ] 127.0.0.1 /favicon.ico
INFO: [ app_init ] --START--
INFO: Run Behavior\BuildLiteBehavior [ RunTime:0.000016s ]
INFO: [ app_init ] --END-- [ RunTime:0.000454s ]
ERR: 无法加载模块:Favicon

